# JRE version: Java(TM) SE Runtime Environment (8.0_31-b13) (build 1.8.0_31-b13)
# Java VM: Java HotSpot(TM) 64-Bit Server VM (25.31-b07 mixed mode windows-amd64 compressed oops)
Heap:
 PSYoungGen      total 184320K, used 12032K [0x00000000eab00000, 0x00000000f9280000, 0x0000000100000000)
  eden space 139776K, 0% used [0x00000000eab00000,0x00000000eab00000,0x00000000f3380000)
  from space 44544K, 27% used [0x00000000f6700000,0x00000000f72c0000,0x00000000f9280000)
  to   space 48640K, 0% used [0x00000000f3380000,0x00000000f3380000,0x00000000f6300000)
 ParOldGen       total 400384K, used 325431K [0x00000000c0000000, 0x00000000d8700000, 0x00000000eab00000)
  object space 400384K, 81% used [0x00000000c0000000,0x00000000d3dcdee8,0x00000000d8700000)
 Metaspace       used 104446K, capacity 126723K, committed 126760K, reserved 1159168K
  class space    used 13251K, capacity 17803K, committed 17840K, reserved 1048576K
GC Heap History (10 events):
Event: 44060.605 GC heap after
Heap after GC invocations=54 (full 8):
 PSYoungGen      total 202240K, used 13760K [0x00000000eab00000, 0x00000000fb100000, 0x0000000100000000)
  eden space 148480K, 0% used [0x00000000eab00000,0x00000000eab00000,0x00000000f3c00000)
  from space 53760K, 25% used [0x00000000f7c80000,0x00000000f89f0030,0x00000000fb100000)
  to   space 59904K, 0% used [0x00000000f3c00000,0x00000000f3c00000,0x00000000f7680000)
 ParOldGen       total 400384K, used 323655K [0x00000000c0000000, 0x00000000d8700000, 0x00000000eab00000)
  object space 400384K, 80% used [0x00000000c0000000,0x00000000d3c11eb8,0x00000000d8700000)
 Metaspace       used 95729K, capacity 112910K, committed 113048K, reserved 1146880K
  class space    used 11973K, capacity 15500K, committed 15536K, reserved 1048576K
}
Event: 47311.731 GC heap before
{Heap before GC invocations=55 (full 8):
 PSYoungGen      total 202240K, used 162240K [0x00000000eab00000, 0x00000000fb100000, 0x0000000100000000)
  eden space 148480K, 100% used [0x00000000eab00000,0x00000000f3c00000,0x00000000f3c00000)
  from space 53760K, 25% used [0x00000000f7c80000,0x00000000f89f0030,0x00000000fb100000)
  to   space 59904K, 0% used [0x00000000f3c00000,0x00000000f3c00000,0x00000000f7680000)
 ParOldGen       total 400384K, used 323655K [0x00000000c0000000, 0x00000000d8700000, 0x00000000eab00000)
  object space 400384K, 80% used [0x00000000c0000000,0x00000000d3c11eb8,0x00000000d8700000)
 Metaspace       used 98189K, capacity 116810K, committed 117016K, reserved 1150976K
  class space    used 12334K, capacity 16150K, committed 16176K, reserved 1048576K
Event: 47311.774 GC heap after
Heap after GC invocations=55 (full 8):
 PSYoungGen      total 160768K, used 14400K [0x00000000eab00000, 0x00000000fa880000, 0x0000000100000000)
  eden space 145920K, 0% used [0x00000000eab00000,0x00000000eab00000,0x00000000f3980000)
  from space 14848K, 96% used [0x00000000f3c00000,0x00000000f4a10030,0x00000000f4a80000)
  to   space 56832K, 0% used [0x00000000f7100000,0x00000000f7100000,0x00000000fa880000)
 ParOldGen       total 400384K, used 323655K [0x00000000c0000000, 0x00000000d8700000, 0x00000000eab00000)
  object space 400384K, 80% used [0x00000000c0000000,0x00000000d3c11eb8,0x00000000d8700000)
 Metaspace       used 98189K, capacity 116810K, committed 117016K, reserved 1150976K
  class space    used 12334K, capacity 16150K, committed 16176K, reserved 1048576K
}
Event: 50508.936 GC heap before
{Heap before GC invocations=56 (full 8):
 PSYoungGen      total 160768K, used 160320K [0x00000000eab00000, 0x00000000fa880000, 0x0000000100000000)
  eden space 145920K, 100% used [0x00000000eab00000,0x00000000f3980000,0x00000000f3980000)
  from space 14848K, 96% used [0x00000000f3c00000,0x00000000f4a10030,0x00000000f4a80000)
  to   space 56832K, 0% used [0x00000000f7100000,0x00000000f7100000,0x00000000fa880000)
 ParOldGen       total 400384K, used 323655K [0x00000000c0000000, 0x00000000d8700000, 0x00000000eab00000)
  object space 400384K, 80% used [0x00000000c0000000,0x00000000d3c11eb8,0x00000000d8700000)
 Metaspace       used 100619K, capacity 120638K, committed 120728K, reserved 1153024K
  class space    used 12688K, capacity 16788K, committed 16816K, reserved 1048576K
Event: 50509.026 GC heap after
Heap after GC invocations=56 (full 8):
 PSYoungGen      total 192512K, used 14944K [0x00000000eab00000, 0x00000000fa080000, 0x0000000100000000)
  eden space 143872K, 0% used [0x00000000eab00000,0x00000000eab00000,0x00000000f3780000)
  from space 48640K, 30% used [0x00000000f7100000,0x00000000f7f98030,0x00000000fa080000)
  to   space 53760K, 0% used [0x00000000f3780000,0x00000000f3780000,0x00000000f6c00000)
 ParOldGen       total 400384K, used 323663K [0x00000000c0000000, 0x00000000d8700000, 0x00000000eab00000)
  object space 400384K, 80% used [0x00000000c0000000,0x00000000d3c13eb8,0x00000000d8700000)
 Metaspace       used 100619K, capacity 120638K, committed 120728K, reserved 1153024K
  class space    used 12688K, capacity 16788K, committed 16816K, reserved 1048576K
}
Event: 53663.757 GC heap before
{Heap before GC invocations=57 (full 8):
 PSYoungGen      total 192512K, used 158816K [0x00000000eab00000, 0x00000000fa080000, 0x0000000100000000)
  eden space 143872K, 100% used [0x00000000eab00000,0x00000000f3780000,0x00000000f3780000)
  from space 48640K, 30% used [0x00000000f7100000,0x00000000f7f98030,0x00000000fa080000)
  to   space 53760K, 0% used [0x00000000f3780000,0x00000000f3780000,0x00000000f6c00000)
 ParOldGen       total 400384K, used 323663K [0x00000000c0000000, 0x00000000d8700000, 0x00000000eab00000)
  object space 400384K, 80% used [0x00000000c0000000,0x00000000d3c13eb8,0x00000000d8700000)
 Metaspace       used 103000K, capacity 124424K, committed 124696K, reserved 1157120K
  class space    used 13038K, capacity 17419K, committed 17456K, reserved 1048576K
Event: 53663.802 GC heap after
Heap after GC invocations=57 (full 8):
 PSYoungGen      total 156672K, used 14432K [0x00000000eab00000, 0x00000000f9880000, 0x0000000100000000)
  eden space 141824K, 0% used [0x00000000eab00000,0x00000000eab00000,0x00000000f3580000)
  from space 14848K, 97% used [0x00000000f3780000,0x00000000f4598010,0x00000000f4600000)
  to   space 50688K, 0% used [0x00000000f6700000,0x00000000f6700000,0x00000000f9880000)
 ParOldGen       total 400384K, used 324719K [0x00000000c0000000, 0x00000000d8700000, 0x00000000eab00000)
  object space 400384K, 81% used [0x00000000c0000000,0x00000000d3d1bed8,0x00000000d8700000)
 Metaspace       used 103000K, capacity 124424K, committed 124696K, reserved 1157120K
  class space    used 13038K, capacity 17419K, committed 17456K, reserved 1048576K
}
Event: 55585.436 GC heap before
{Heap before GC invocations=58 (full 8):
 PSYoungGen      total 156672K, used 102891K [0x00000000eab00000, 0x00000000f9880000, 0x0000000100000000)
  eden space 141824K, 62% used [0x00000000eab00000,0x00000000f0162c38,0x00000000f3580000)
  from space 14848K, 97% used [0x00000000f3780000,0x00000000f4598010,0x00000000f4600000)
  to   space 50688K, 0% used [0x00000000f6700000,0x00000000f6700000,0x00000000f9880000)
 ParOldGen       total 400384K, used 324719K [0x00000000c0000000, 0x00000000d8700000, 0x00000000eab00000)
  object space 400384K, 81% used [0x00000000c0000000,0x00000000d3d1bed8,0x00000000d8700000)
 Metaspace       used 104446K, capacity 126723K, committed 126760K, reserved 1159168K
  class space    used 13251K, capacity 17803K, committed 17840K, reserved 1048576K
Event: 55585.517 GC heap after
Heap after GC invocations=58 (full 8):
 PSYoungGen      total 184320K, used 12032K [0x00000000eab00000, 0x00000000f9280000, 0x0000000100000000)
  eden space 139776K, 0% used [0x00000000eab00000,0x00000000eab00000,0x00000000f3380000)
  from space 44544K, 27% used [0x00000000f6700000,0x00000000f72c0000,0x00000000f9280000)
  to   space 48640K, 0% used [0x00000000f3380000,0x00000000f3380000,0x00000000f6300000)
 ParOldGen       total 400384K, used 325431K [0x00000000c0000000, 0x00000000d8700000, 0x00000000eab00000)
  object space 400384K, 81% used [0x00000000c0000000,0x00000000d3dcdee8,0x00000000d8700000)
 Metaspace       used 104446K, capacity 126723K, committed 126760K, reserved 1159168K
  class space    used 13251K, capacity 17803K, committed 17840K, reserved 1048576K
}
Event: 55585.518 GC heap before
{Heap before GC invocations=59 (full 9):
 PSYoungGen      total 184320K, used 12032K [0x00000000eab00000, 0x00000000f9280000, 0x0000000100000000)
  eden space 139776K, 0% used [0x00000000eab00000,0x00000000eab00000,0x00000000f3380000)
  from space 44544K, 27% used [0x00000000f6700000,0x00000000f72c0000,0x00000000f9280000)
  to   space 48640K, 0% used [0x00000000f3380000,0x00000000f3380000,0x00000000f6300000)
 ParOldGen       total 400384K, used 325431K [0x00000000c0000000, 0x00000000d8700000, 0x00000000eab00000)
  object space 400384K, 81% used [0x00000000c0000000,0x00000000d3dcdee8,0x00000000d8700000)
 Metaspace       used 104446K, capacity 126723K, committed 126760K, reserved 1159168K
  class space    used 13251K, capacity 17803K, committed 17840K, reserved 1048576K

